C:\USERS\FATEC\DOCUMENTS\VISUAL STUDIO 2010\PROJECTS\ED_RESTAURANTE_06_04_2017_TARDE\DEBUG\RESTAURANTE.EXE
C:\USERS\FATEC\DOCUMENTS\VISUAL STUDIO 2010\PROJECTS\ED_RESTAURANTE_06_04_2017_TARDE\DEBUG\RESTAURANTE.ILK
C:\USERS\FATEC\DOCUMENTS\VISUAL STUDIO 2010\PROJECTS\ED_RESTAURANTE_06_04_2017_TARDE\DEBUG\RESTAURANTE.PDB
C:\Users\Fatec\Documents\Visual Studio 2010\Projects\ED_Restaurante_06_04_2017_Tarde\Restaurante\Debug\cl.command.1.tlog
C:\Users\Fatec\Documents\Visual Studio 2010\Projects\ED_Restaurante_06_04_2017_Tarde\Restaurante\Debug\CL.read.1.tlog
C:\Users\Fatec\Documents\Visual Studio 2010\Projects\ED_Restaurante_06_04_2017_Tarde\Restaurante\Debug\CL.write.1.tlog
C:\Users\Fatec\Documents\Visual Studio 2010\Projects\ED_Restaurante_06_04_2017_Tarde\Restaurante\Debug\link.3784.read.1.tlog
C:\Users\Fatec\Documents\Visual Studio 2010\Projects\ED_Restaurante_06_04_2017_Tarde\Restaurante\Debug\link.3784.write.1.tlog
C:\Users\Fatec\Documents\Visual Studio 2010\Projects\ED_Restaurante_06_04_2017_Tarde\Restaurante\Debug\link.3784-cvtres.read.1.tlog
C:\Users\Fatec\Documents\Visual Studio 2010\Projects\ED_Restaurante_06_04_2017_Tarde\Restaurante\Debug\link.3784-cvtres.write.1.tlog
C:\Users\Fatec\Documents\Visual Studio 2010\Projects\ED_Restaurante_06_04_2017_Tarde\Restaurante\Debug\link.command.1.tlog
C:\Users\Fatec\Documents\Visual Studio 2010\Projects\ED_Restaurante_06_04_2017_Tarde\Restaurante\Debug\link.read.1.tlog
C:\Users\Fatec\Documents\Visual Studio 2010\Projects\ED_Restaurante_06_04_2017_Tarde\Restaurante\Debug\link.write.1.tlog
C:\Users\Fatec\Documents\Visual Studio 2010\Projects\ED_Restaurante_06_04_2017_Tarde\Restaurante\Debug\link-cvtres.read.1.tlog
C:\Users\Fatec\Documents\Visual Studio 2010\Projects\ED_Restaurante_06_04_2017_Tarde\Restaurante\Debug\link-cvtres.write.1.tlog
C:\Users\Fatec\Documents\Visual Studio 2010\Projects\ED_Restaurante_06_04_2017_Tarde\Restaurante\Debug\mt.command.1.tlog
C:\Users\Fatec\Documents\Visual Studio 2010\Projects\ED_Restaurante_06_04_2017_Tarde\Restaurante\Debug\mt.read.1.tlog
C:\Users\Fatec\Documents\Visual Studio 2010\Projects\ED_Restaurante_06_04_2017_Tarde\Restaurante\Debug\mt.write.1.tlog
C:\Users\Fatec\Documents\Visual Studio 2010\Projects\ED_Restaurante_06_04_2017_Tarde\Restaurante\Debug\rc.command.1.tlog
C:\Users\Fatec\Documents\Visual Studio 2010\Projects\ED_Restaurante_06_04_2017_Tarde\Restaurante\Debug\rc.read.1.tlog
C:\Users\Fatec\Documents\Visual Studio 2010\Projects\ED_Restaurante_06_04_2017_Tarde\Restaurante\Debug\rc.write.1.tlog
C:\USERS\FATEC\DOCUMENTS\VISUAL STUDIO 2010\PROJECTS\ED_RESTAURANTE_06_04_2017_TARDE\RESTAURANTE\DEBUG\RESTAURANTE.EXE.EMBED.MANIFEST
C:\USERS\FATEC\DOCUMENTS\VISUAL STUDIO 2010\PROJECTS\ED_RESTAURANTE_06_04_2017_TARDE\RESTAURANTE\DEBUG\RESTAURANTE.EXE.EMBED.MANIFEST.RES
C:\USERS\FATEC\DOCUMENTS\VISUAL STUDIO 2010\PROJECTS\ED_RESTAURANTE_06_04_2017_TARDE\RESTAURANTE\DEBUG\RESTAURANTE.EXE.INTERMEDIATE.MANIFEST
C:\USERS\FATEC\DOCUMENTS\VISUAL STUDIO 2010\PROJECTS\ED_RESTAURANTE_06_04_2017_TARDE\RESTAURANTE\DEBUG\RESTAURANTE.OBJ
C:\Users\Fatec\Documents\Visual Studio 2010\Projects\ED_Restaurante_06_04_2017_Tarde\Restaurante\Debug\Restaurante_manifest.rc
C:\Users\Fatec\Documents\Visual Studio 2010\Projects\ED_Restaurante_06_04_2017_Tarde\Restaurante\Debug\vc100.idb
C:\USERS\FATEC\DOCUMENTS\VISUAL STUDIO 2010\PROJECTS\ED_RESTAURANTE_06_04_2017_TARDE\RESTAURANTE\DEBUG\VC100.PDB
