Build started 06/04/2017 14:33:06.
     1>Project "C:\Users\Fatec\Documents\Visual Studio 2010\Projects\ED_Restaurante_06_04_2017_Tarde\Restaurante\Restaurante.vcxproj" on node 2 (rebuild target(s)).
     1>_PrepareForClean:
         Deleting file "Debug\Restaurante.lastbuildstate".
       InitializeBuildStatus:
         Creating "Debug\Restaurante.unsuccessfulbuild" because "AlwaysCreate" was specified.
       ClCompile:
         C:\Program Files (x86)\Microsoft Visual Studio 10.0\VC\bin\CL.exe /c /ZI /nologo /W3 /WX- /Od /Oy- /D WIN32 /D _DEBUG /D _CONSOLE /D _UNICODE /D UNICODE /Gm /EHsc /RTC1 /MDd /GS /fp:precise /Zc:wchar_t /Zc:forScope /Fo"Debug\\" /Fd"Debug\vc100.pdb" /Gd /TP /analyze- /errorReport:prompt Restaurante.cpp
         Restaurante.cpp
     1>c:\users\fatec\documents\visual studio 2010\projects\ed_restaurante_06_04_2017_tarde\restaurante\restaurante.h(215): warning C4101: 'ptrWork' : unreferenced local variable
     1>c:\users\fatec\documents\visual studio 2010\projects\ed_restaurante_06_04_2017_tarde\restaurante\restaurante.h(216): warning C4101: 'cWork' : unreferenced local variable
     1>c:\users\fatec\documents\visual studio 2010\projects\ed_restaurante_06_04_2017_tarde\restaurante\restaurante.cpp(28): warning C4101: 'nCodProduto' : unreferenced local variable
     1>c:\users\fatec\documents\visual studio 2010\projects\ed_restaurante_06_04_2017_tarde\restaurante\restaurante.cpp(27): warning C4101: 'nQtdePessoas' : unreferenced local variable
     1>c:\users\fatec\documents\visual studio 2010\projects\ed_restaurante_06_04_2017_tarde\restaurante\restaurante.cpp(30): warning C4101: 'stProduto' : unreferenced local variable
     1>c:\users\fatec\documents\visual studio 2010\projects\ed_restaurante_06_04_2017_tarde\restaurante\restaurante.cpp(29): warning C4101: 'nQtdeProduto' : unreferenced local variable
     1>c:\users\fatec\documents\visual studio 2010\projects\ed_restaurante_06_04_2017_tarde\restaurante\restaurante.cpp(31): warning C4101: 'stMesa' : unreferenced local variable
       ManifestResourceCompile:
         c:\Program Files (x86)\Microsoft SDKs\Windows\v7.0A\bin\rc.exe /nologo /fo"Debug\Restaurante.exe.embed.manifest.res" Debug\Restaurante_manifest.rc 
       Link:
         C:\Program Files (x86)\Microsoft Visual Studio 10.0\VC\bin\link.exe /ERRORREPORT:PROMPT /OUT:"C:\Users\Fatec\Documents\Visual Studio 2010\Projects\ED_Restaurante_06_04_2017_Tarde\Debug\Restaurante.exe" /INCREMENTAL /NOLOGO kernel32.lib user32.lib gdi32.lib winspool.lib comdlg32.lib advapi32.lib shell32.lib ole32.lib oleaut32.lib uuid.lib odbc32.lib odbccp32.lib /MANIFEST /ManifestFile:"Debug\Restaurante.exe.intermediate.manifest" /MANIFESTUAC:"level='asInvoker' uiAccess='false'" /DEBUG /PDB:"C:\Users\Fatec\Documents\Visual Studio 2010\Projects\ED_Restaurante_06_04_2017_Tarde\Debug\Restaurante.pdb" /SUBSYSTEM:CONSOLE /TLBID:1 /DYNAMICBASE /NXCOMPAT /IMPLIB:"C:\Users\Fatec\Documents\Visual Studio 2010\Projects\ED_Restaurante_06_04_2017_Tarde\Debug\Restaurante.lib" /MACHINE:X86 Debug\Restaurante.exe.embed.manifest.res
         Debug\Restaurante.obj
       Manifest:
         Deleting file "Debug\Restaurante.exe.embed.manifest".
         c:\Program Files (x86)\Microsoft SDKs\Windows\v7.0A\bin\mt.exe /nologo /verbose /out:"Debug\Restaurante.exe.embed.manifest" /manifest Debug\Restaurante.exe.intermediate.manifest
         c:\Program Files (x86)\Microsoft SDKs\Windows\v7.0A\bin\rc.exe /nologo /fo"Debug\Restaurante.exe.embed.manifest.res" Debug\Restaurante_manifest.rc 
       LinkEmbedManifest:
         C:\Program Files (x86)\Microsoft Visual Studio 10.0\VC\bin\link.exe /ERRORREPORT:PROMPT /OUT:"C:\Users\Fatec\Documents\Visual Studio 2010\Projects\ED_Restaurante_06_04_2017_Tarde\Debug\Restaurante.exe" /INCREMENTAL /NOLOGO kernel32.lib user32.lib gdi32.lib winspool.lib comdlg32.lib advapi32.lib shell32.lib ole32.lib oleaut32.lib uuid.lib odbc32.lib odbccp32.lib /MANIFEST /ManifestFile:"Debug\Restaurante.exe.intermediate.manifest" /MANIFESTUAC:"level='asInvoker' uiAccess='false'" /DEBUG /PDB:"C:\Users\Fatec\Documents\Visual Studio 2010\Projects\ED_Restaurante_06_04_2017_Tarde\Debug\Restaurante.pdb" /SUBSYSTEM:CONSOLE /TLBID:1 /DYNAMICBASE /NXCOMPAT /IMPLIB:"C:\Users\Fatec\Documents\Visual Studio 2010\Projects\ED_Restaurante_06_04_2017_Tarde\Debug\Restaurante.lib" /MACHINE:X86 Debug\Restaurante.exe.embed.manifest.res
         Debug\Restaurante.obj
         Restaurante.vcxproj -> C:\Users\Fatec\Documents\Visual Studio 2010\Projects\ED_Restaurante_06_04_2017_Tarde\Debug\Restaurante.exe
       FinalizeBuildStatus:
         Deleting file "Debug\Restaurante.unsuccessfulbuild".
         Touching "Debug\Restaurante.lastbuildstate".
     1>Done Building Project "C:\Users\Fatec\Documents\Visual Studio 2010\Projects\ED_Restaurante_06_04_2017_Tarde\Restaurante\Restaurante.vcxproj" (rebuild target(s)).

Build succeeded.

Time Elapsed 00:00:01.35
